#
# There is insufficient memory for the Java Runtime Environment to continue.
# Native memory allocation (malloc) failed to allocate 1048576 bytes for AllocateHeap
# Possible reasons:
#   The system is out of physical RAM or swap space
#   In 32 bit mode, the process size limit was hit
# Possible solutions:
#   Reduce memory load on the system
#   Increase physical memory or swap space
#   Check if swap backing store is full
#   Use 64 bit Java on a 64 bit OS
#   Decrease Java heap size (-Xmx/-Xms)
#   Decrease number of Java threads
#   Decrease Java thread stack sizes (-Xss)
#   Set larger code cache with -XX:ReservedCodeCacheSize=
# This output file may be truncated or incomplete.
#
#  Out of Memory Error (memory/allocation.inline.hpp:61), pid=12788, tid=0x000000000000320c
#
# JRE version:  (8.0_144-b01) (build )
# Java VM: Java HotSpot(TM) 64-Bit Server VM (25.144-b01 mixed mode windows-amd64 compressed oops)
# Failed to write core dump. Minidumps are not enabled by default on client versions of Windows
#

---------------  T H R E A D  ---------------

Current thread (0x0000000002886000):  JavaThread "Unknown thread" [_thread_in_vm, id=12812, stack(0x0000000002780000,0x0000000002880000)]

Stack: [0x0000000002780000,0x0000000002880000]
[error occurred during error reporting (printing stack bounds), id 0xc0000005]

Native frames: (J=compiled Java code, j=interpreted, Vv=VM code, C=native code)


---------------  P R O C E S S  ---------------

Java Threads: ( => current thread )

Other Threads:

=>0x0000000002886000 (exited) JavaThread "Unknown thread" [_thread_in_vm, id=12812, stack(0x0000000002780000,0x0000000002880000)]

VM state:not at safepoint (normal execution)

VM Mutex/Monitor currently owned by a thread: None

Heap:
 PSYoungGen      total 37888K, used 655K [0x00000000d6400000, 0x00000000d8e00000, 0x0000000100000000)
  eden space 32768K, 2% used [0x00000000d6400000,0x00000000d64a3d80,0x00000000d8400000)
  from space 5120K, 0% used [0x00000000d8900000,0x00000000d8900000,0x00000000d8e00000)
  to   space 5120K, 0% used [0x00000000d8400000,0x00000000d8400000,0x00000000d8900000)
 ParOldGen       total 86016K, used 0K [0x0000000082c00000, 0x0000000088000000, 0x00000000d6400000)
  object space 86016K, 0% used [0x0000000082c00000,0x0000000082c00000,0x0000000088000000)
 Metaspace       used 770K, capacity 4480K, committed 4480K, reserved 1056768K
  class space    used 75K, capacity 384K, committed 384K, reserved 1048576K

Card table byte_map: [0x0000000011d40000,0x0000000012130000] byte_map_base: 0x000000001192a000

Marking Bits: (ParMarkBitMap*) 0x0000000075f3d850
 Begin Bits: [0x0000000012bd0000, 0x0000000014b20000)
 End Bits:   [0x0000000014b20000, 0x0000000016a70000)

Polling page: 0x0000000000ca0000

CodeCache: size=245760Kb used=328Kb max_used=328Kb free=245431Kb
 bounds [0x0000000002980000, 0x0000000002bf0000, 0x0000000011980000]
 total_blobs=58 nmethods=0 adapters=38
 compilation: enabled

Compilation events (0 events):
No events

GC Heap History (0 events):
No events

Deoptimization events (0 events):
No events

Internal exceptions (0 events):
No events

Events (10 events):
Event: 0.022 loading class java/lang/Short
Event: 0.022 loading class java/lang/Short done
Event: 0.022 loading class java/lang/Integer
Event: 0.022 loading class java/lang/Integer done
Event: 0.022 loading class java/lang/Long
Event: 0.022 loading class java/lang/Long done
Event: 0.022 loading class java/lang/NullPointerException
Event: 0.022 loading class java/lang/NullPointerException done
Event: 0.022 loading class java/lang/ArithmeticException
Event: 0.022 loading class java/lang/ArithmeticException done


Dynamic libraries:
0x00007ff7df2d0000 - 0x00007ff7df307000 	C:\Program Files\Java\jdk1.8.0_144\bin\java.exe
0x00007ffe67610000 - 0x00007ffe677f1000 	C:\WINDOWS\SYSTEM32\ntdll.dll
0x00007ffe64da0000 - 0x00007ffe64e52000 	C:\WINDOWS\System32\KERNEL32.DLL
0x00007ffe639e0000 - 0x00007ffe63c53000 	C:\WINDOWS\System32\KERNELBASE.dll
0x00007ffe66f90000 - 0x00007ffe67031000 	C:\WINDOWS\System32\ADVAPI32.dll
0x00007ffe67540000 - 0x00007ffe675de000 	C:\WINDOWS\System32\msvcrt.dll
0x00007ffe67260000 - 0x00007ffe672bb000 	C:\WINDOWS\System32\sechost.dll
0x00007ffe66e60000 - 0x00007ffe66f84000 	C:\WINDOWS\System32\RPCRT4.dll
0x00007ffe64b00000 - 0x00007ffe64c90000 	C:\WINDOWS\System32\USER32.dll
0x00007ffe64840000 - 0x00007ffe64860000 	C:\WINDOWS\System32\win32u.dll
0x00007ffe674e0000 - 0x00007ffe67508000 	C:\WINDOWS\System32\GDI32.dll
0x00007ffe644c0000 - 0x00007ffe64652000 	C:\WINDOWS\System32\gdi32full.dll
0x00007ffe64370000 - 0x00007ffe6440f000 	C:\WINDOWS\System32\msvcp_win.dll
0x00007ffe64740000 - 0x00007ffe6483a000 	C:\WINDOWS\System32\ucrtbase.dll
0x00007ffe5c0d0000 - 0x00007ffe5c339000 	C:\WINDOWS\WinSxS\amd64_microsoft.windows.common-controls_6595b64144ccf1df_6.0.17134.112_none_fb3f961b30681c12\COMCTL32.dll
0x00007ffe66360000 - 0x00007ffe66683000 	C:\WINDOWS\System32\combase.dll
0x00007ffe64660000 - 0x00007ffe646da000 	C:\WINDOWS\System32\bcryptPrimitives.dll
0x00007ffe64ef0000 - 0x00007ffe64f1d000 	C:\WINDOWS\System32\IMM32.DLL
0x00000000768e0000 - 0x00000000769b2000 	C:\Program Files\Java\jdk1.8.0_144\jre\bin\msvcr100.dll
0x0000000075720000 - 0x0000000075fbd000 	C:\Program Files\Java\jdk1.8.0_144\jre\bin\server\jvm.dll
0x00007ffe64ee0000 - 0x00007ffe64ee8000 	C:\WINDOWS\System32\PSAPI.DLL
0x00007ffe5d240000 - 0x00007ffe5d249000 	C:\WINDOWS\SYSTEM32\WSOCK32.dll
0x00007ffe58460000 - 0x00007ffe5846a000 	C:\WINDOWS\SYSTEM32\VERSION.dll
0x00007ffe618e0000 - 0x00007ffe61903000 	C:\WINDOWS\SYSTEM32\WINMM.dll
0x00007ffe64e60000 - 0x00007ffe64ecc000 	C:\WINDOWS\System32\WS2_32.dll
0x00007ffe618b0000 - 0x00007ffe618da000 	C:\WINDOWS\SYSTEM32\winmmbase.dll
0x00007ffe64a50000 - 0x00007ffe64a99000 	C:\WINDOWS\System32\cfgmgr32.dll
0x0000000076890000 - 0x000000007689f000 	C:\Program Files\Java\jdk1.8.0_144\jre\bin\verify.dll
0x0000000076860000 - 0x0000000076889000 	C:\Program Files\Java\jdk1.8.0_144\jre\bin\java.dll
0x0000000076840000 - 0x0000000076856000 	C:\Program Files\Java\jdk1.8.0_144\jre\bin\zip.dll

VM Arguments:
jvm_args: -Dfile.encoding=UTF-8 
java_command: projetotcc_v5.view.cliente.FrmGerenciamentoCliente
java_class_path (initial): C:\Program Files\NetBeans 8.2\ide\modules\ext\mysql-connector-java-5.1.23-bin.jar;C:\Program Files\NetBeans 8.2\java\modules\ext\AbsoluteLayout.jar;C:\Program Files (x86)\Jaspersoft\iReport-5.6.0\ireport\libs\xalan.jar;C:\Program Files (x86)\Jaspersoft\iReport-5.6.0\ireport\modules\ext\ant-1.7.1.jar;C:\Program Files (x86)\Jaspersoft\iReport-5.6.0\ireport\modules\ext\antlr-2.7.6.jar;C:\Program Files (x86)\Jaspersoft\iReport-5.6.0\ireport\modules\ext\asm-attrs.jar;C:\Program Files (x86)\Jaspersoft\iReport-5.6.0\ireport\modules\ext\asm.jar;C:\Program Files (x86)\Jaspersoft\iReport-5.6.0\ireport\modules\ext\barbecue-1.5-beta1.jar;C:\Program Files (x86)\Jaspersoft\iReport-5.6.0\ireport\modules\ext\barcode4j-2.1.jar;C:\Program Files (x86)\Jaspersoft\iReport-5.6.0\ireport\modules\ext\batik-anim.jar;C:\Program Files (x86)\Jaspersoft\iReport-5.6.0\ireport\modules\ext\batik-awt-util.jar;C:\Program Files (x86)\Jaspersoft\iReport-5.6.0\ireport\modules\ext\batik-bridge.jar;C:\Program Files (x86)\Jaspersoft\iReport-5.6.0\ireport\modules\ext\batik-css.jar;C:\Program Files (x86)\Jaspersoft\iReport-5.6.0\ireport\modules\ext\batik-dom.jar;C:\Program Files (x86)\Jaspersoft\iReport-5.6.0\ireport\modules\ext\batik-ext.jar;C:\Program Files (x86)\Jaspersoft\iReport-5.6.0\ireport\modules\ext\batik-gvt.jar;C:\Program Files (x86)\Jaspersoft\iReport-5.6.0\ireport\modules\ext\batik-parser.jar;C:\Program Files (x86)\Jaspersoft\iReport-5.6.0\ireport\modules\ext\batik-script.jar;C:\Program Files (x86)\Jaspersoft\iReport-5.6.0\ireport\modules\ext\batik-svg-dom.jar;C:\Program Files (x86)\Jaspersoft\iReport-5.6.0\ireport\modules\ext\batik-svggen.jar;C:\Program Files (x86)\Jaspersoft\iReport-5.6.0\ireport\modules\ext\batik-transcoder.jar;C:\Program Files (x86)\Jaspersoft\iReport-5.6.0\ireport\modules\ext\batik-util.jar;C:\Program Files (x86)\Jaspersoft\iReport-5.6.0\ireport\modules\ext\batik-xml.jar;C:\Program Files (x86)\Jaspersoft\iReport-5.6.0\ireport\modules\ext\bcel-
Launcher Type: SUN_STANDARD

Environment Variables:
PATH=C:\Program Files (x86)\Common Files\Oracle\Java\javapath;C:\Users\Maria\AppData\Local\Programs\Python\Python36\Scripts\;C:\Users\Maria\AppData\Local\Programs\Python\Python36\;C:\Program Files\Microsoft MPI\Bin\;C:\ProgramData\Oracle\Java\javapath;C:\Program Files (x86)\NVIDIA Corporation\PhysX\Common;C:\Program Files (x86)\Intel\iCLS Client\;C:\Program Files\Intel\iCLS Client\;C:\WINDOWS\system32;C:\WINDOWS;C:\WINDOWS\System32\Wbem;C:\WINDOWS\System32\WindowsPowerShell\v1.0\;C:\Program Files\Intel\Intel(R) Management Engine Components\DAL;C:\Program Files\Intel\Intel(R) Management Engine Components\IPT;C:\Program Files (x86)\Intel\Intel(R) Management Engine Components\DAL;C:\Program Files (x86)\Intel\Intel(R) Management Engine Components\IPT;C:\WINDOWS\system32;C:\WINDOWS;C:\WINDOWS\System32\Wbem;C:\WINDOWS\System32\WindowsPowerShell\v1.0\;C:\Program Files (x86)\Brackets\command;C:\Program Files (x86)\Microsoft SQL Server\Client SDK\ODBC\130\Tools\Binn\;C:\Program Files (x86)\Microsoft SQL Server\140\Tools\Binn\;C:\Program Files (x86)\Microsoft SQL Server\140\DTS\Binn\;C:\Program Files (x86)\Microsoft SQL Server\140\Tools\Binn\ManagementStudio\;C:\Program Files\dotnet\;C:\Program Files\Microsoft SQL Server\130\Tools\Binn\;C:\Program Files\Microsoft SQL Server\Client SDK\ODBC\130\Tools\Binn\;C:\Program Files (x86)\Microsoft SQL Server\130\Tools\Binn\;C:\Program Files\Microsoft SQL Server\130\DTS\Binn\;C:\WINDOWS\System32\OpenSSH\;C:\Users\Maria\.cargo\bin;C:\Users\Maria\AppData\Local\Microsoft\WindowsApps;;C:\Program Files\Microsoft VS Code\bin
USERNAME=Maria
OS=Windows_NT
PROCESSOR_IDENTIFIER=Intel64 Family 6 Model 60 Stepping 3, GenuineIntel



---------------  S Y S T E M  ---------------

OS: Windows 10.0 , 64 bit Build 17134 (10.0.17134.1)

CPU:total 8 (initial active 8) (4 cores per cpu, 2 threads per core) family 6 model 60 stepping 3, cmov, cx8, fxsr, mmx, sse, sse2, sse3, ssse3, sse4.1, sse4.2, popcnt, avx, avx2, aes, clmul, erms, lzcnt, ht, tsc, tscinvbit, bmi1, bmi2

Memory: 4k page, physical 8201600k(1171808k free), swap 8201600k(6140k free)

vm_info: Java HotSpot(TM) 64-Bit Server VM (25.144-b01) for windows-amd64 JRE (1.8.0_144-b01), built on Jul 21 2017 21:57:33 by "java_re" with MS VC++ 10.0 (VS2010)

time: Thu Jul 05 05:24:53 2018
elapsed time: 0 seconds (0d 0h 0m 0s)

